{"/home/rof/src/github.com/kaizhu256/node-kz-asia-miles/test.js":{"path":"/home/rof/src/github.com/kaizhu256/node-kz-asia-miles/test.js","s":{"1":1,"2":1,"3":1,"4":0,"5":1,"6":1,"7":1,"8":1,"9":1,"10":1,"11":1,"12":1,"13":1,"14":1,"15":0,"16":0,"17":0,"18":0,"19":0,"20":0,"21":0,"22":0,"23":1,"24":1,"25":1,"26":1,"27":0,"28":0,"29":0,"30":0,"31":1,"32":1,"33":1,"34":12,"35":12,"36":12,"37":4,"38":4,"39":1,"40":1,"41":1,"42":1,"43":1,"44":1,"45":1,"46":1,"47":0,"48":1,"49":1},"b":{"1":[1],"2":[0,1],"3":[0,0,1],"4":[3,4],"5":[1,1,1,1],"6":[0,0,0],"7":[0,1]},"f":{"1":1,"2":1,"3":0,"4":1,"5":1,"6":1,"7":0,"8":1,"9":1,"10":12,"11":1,"12":1,"13":1},"fnMap":{"1":{"name":"(anonymous_1)","line":10,"loc":{"start":{"line":10,"column":1},"end":{"line":10,"column":18}}},"2":{"name":"(anonymous_2)","line":16,"loc":{"start":{"line":16,"column":5},"end":{"line":16,"column":17}}},"3":{"name":"(anonymous_3)","line":17,"loc":{"start":{"line":17,"column":26},"end":{"line":17,"column":45}}},"4":{"name":"(anonymous_4)","line":33,"loc":{"start":{"line":33,"column":34},"end":{"line":33,"column":62}}},"5":{"name":"(anonymous_5)","line":40,"loc":{"start":{"line":40,"column":61},"end":{"line":40,"column":78}}},"6":{"name":"(anonymous_6)","line":41,"loc":{"start":{"line":41,"column":44},"end":{"line":41,"column":56}}},"7":{"name":"(anonymous_7)","line":70,"loc":{"start":{"line":70,"column":24},"end":{"line":70,"column":36}}},"8":{"name":"(anonymous_8)","line":228,"loc":{"start":{"line":228,"column":45},"end":{"line":228,"column":90}}},"9":{"name":"(anonymous_9)","line":243,"loc":{"start":{"line":243,"column":18},"end":{"line":243,"column":33}}},"10":{"name":"(anonymous_10)","line":244,"loc":{"start":{"line":244,"column":46},"end":{"line":244,"column":62}}},"11":{"name":"(anonymous_11)","line":262,"loc":{"start":{"line":262,"column":3},"end":{"line":262,"column":15}}},"12":{"name":"(anonymous_12)","line":269,"loc":{"start":{"line":269,"column":5},"end":{"line":269,"column":17}}},"13":{"name":"(anonymous_13)","line":272,"loc":{"start":{"line":272,"column":24},"end":{"line":272,"column":36}}}},"statementMap":{"1":{"start":{"line":10,"column":0},"end":{"line":289,"column":7}},"2":{"start":{"line":16,"column":4},"end":{"line":50,"column":9}},"3":{"start":{"line":17,"column":8},"end":{"line":30,"column":10}},"4":{"start":{"line":21,"column":12},"end":{"line":29,"column":15}},"5":{"start":{"line":33,"column":8},"end":{"line":49,"column":10}},"6":{"start":{"line":38,"column":12},"end":{"line":38,"column":40}},"7":{"start":{"line":40,"column":12},"end":{"line":48,"column":15}},"8":{"start":{"line":41,"column":16},"end":{"line":47,"column":28}},"9":{"start":{"line":43,"column":20},"end":{"line":43,"column":56}},"10":{"start":{"line":45,"column":20},"end":{"line":45,"column":86}},"11":{"start":{"line":46,"column":20},"end":{"line":46,"column":30}},"12":{"start":{"line":51,"column":4},"end":{"line":59,"column":5}},"13":{"start":{"line":58,"column":8},"end":{"line":58,"column":14}},"14":{"start":{"line":60,"column":4},"end":{"line":261,"column":5}},"15":{"start":{"line":67,"column":8},"end":{"line":67,"column":44}},"16":{"start":{"line":68,"column":8},"end":{"line":76,"column":11}},"17":{"start":{"line":71,"column":16},"end":{"line":71,"column":68}},"18":{"start":{"line":72,"column":16},"end":{"line":72,"column":41}},"19":{"start":{"line":78,"column":8},"end":{"line":78,"column":32}},"20":{"start":{"line":79,"column":8},"end":{"line":79,"column":46}},"21":{"start":{"line":81,"column":8},"end":{"line":81,"column":38}},"22":{"start":{"line":82,"column":8},"end":{"line":82,"column":14}},"23":{"start":{"line":89,"column":8},"end":{"line":89,"column":33}},"24":{"start":{"line":91,"column":8},"end":{"line":226,"column":11}},"25":{"start":{"line":228,"column":8},"end":{"line":239,"column":11}},"26":{"start":{"line":229,"column":12},"end":{"line":238,"column":13}},"27":{"start":{"line":231,"column":16},"end":{"line":231,"column":68}},"28":{"start":{"line":232,"column":16},"end":{"line":232,"column":22}},"29":{"start":{"line":234,"column":16},"end":{"line":234,"column":57}},"30":{"start":{"line":235,"column":16},"end":{"line":235,"column":22}},"31":{"start":{"line":237,"column":16},"end":{"line":237,"column":33}},"32":{"start":{"line":241,"column":8},"end":{"line":257,"column":11}},"33":{"start":{"line":244,"column":12},"end":{"line":256,"column":15}},"34":{"start":{"line":245,"column":16},"end":{"line":245,"column":40}},"35":{"start":{"line":247,"column":16},"end":{"line":247,"column":59}},"36":{"start":{"line":248,"column":16},"end":{"line":255,"column":17}},"37":{"start":{"line":252,"column":20},"end":{"line":253,"column":83}},"38":{"start":{"line":254,"column":20},"end":{"line":254,"column":26}},"39":{"start":{"line":259,"column":8},"end":{"line":259,"column":35}},"40":{"start":{"line":260,"column":8},"end":{"line":260,"column":14}},"41":{"start":{"line":264,"column":4},"end":{"line":264,"column":14}},"42":{"start":{"line":269,"column":4},"end":{"line":287,"column":9}},"43":{"start":{"line":271,"column":8},"end":{"line":271,"column":19}},"44":{"start":{"line":272,"column":8},"end":{"line":283,"column":13}},"45":{"start":{"line":273,"column":12},"end":{"line":282,"column":13}},"46":{"start":{"line":274,"column":16},"end":{"line":277,"column":27}},"47":{"start":{"line":279,"column":16},"end":{"line":281,"column":30}},"48":{"start":{"line":284,"column":8},"end":{"line":286,"column":36}},"49":{"start":{"line":288,"column":4},"end":{"line":288,"column":17}}},"branchMap":{"1":{"line":51,"type":"switch","locations":[{"start":{"line":56,"column":4},"end":{"line":58,"column":14}}]},"2":{"line":60,"type":"switch","locations":[{"start":{"line":65,"column":4},"end":{"line":82,"column":14}},{"start":{"line":87,"column":4},"end":{"line":260,"column":14}}]},"3":{"line":229,"type":"switch","locations":[{"start":{"line":230,"column":12},"end":{"line":232,"column":22}},{"start":{"line":233,"column":12},"end":{"line":235,"column":22}},{"start":{"line":236,"column":12},"end":{"line":237,"column":33}}]},"4":{"line":248,"type":"switch","locations":[{"start":{"line":249,"column":16},"end":{"line":249,"column":27}},{"start":{"line":250,"column":16},"end":{"line":254,"column":26}}]},"5":{"line":274,"type":"binary-expr","locations":[{"start":{"line":274,"column":23},"end":{"line":274,"column":37}},{"start":{"line":275,"column":20},"end":{"line":275,"column":61}},{"start":{"line":276,"column":20},"end":{"line":276,"column":70}},{"start":{"line":277,"column":20},"end":{"line":277,"column":26}}]},"6":{"line":279,"type":"binary-expr","locations":[{"start":{"line":279,"column":23},"end":{"line":279,"column":62}},{"start":{"line":280,"column":20},"end":{"line":280,"column":70}},{"start":{"line":281,"column":20},"end":{"line":281,"column":29}}]},"7":{"line":284,"type":"cond-expr","locations":[{"start":{"line":285,"column":14},"end":{"line":285,"column":26}},{"start":{"line":286,"column":14},"end":{"line":286,"column":35}}]}}},"/home/rof/src/github.com/kaizhu256/node-kz-asia-miles/index.js":{"path":"/home/rof/src/github.com/kaizhu256/node-kz-asia-miles/index.js","s":{"1":1,"2":1,"3":1,"4":1,"5":1,"6":1,"7":0,"8":1,"9":1,"10":1,"11":1,"12":1,"13":1,"14":1,"15":1,"16":1,"17":1,"18":0,"19":0,"20":0,"21":0,"22":1,"23":1,"24":1,"25":1,"26":1,"27":1,"28":1,"29":1,"30":0,"31":1,"32":1,"33":1,"34":1,"35":1,"36":1,"37":1,"38":1,"39":1,"40":1},"b":{"1":[1],"2":[0,1],"3":[0,0,1],"4":[1,1,1,1],"5":[0,0,0],"6":[1,0],"7":[0,1],"8":[0,1]},"f":{"1":1,"2":1,"3":1,"4":1,"5":1,"6":1,"7":1},"fnMap":{"1":{"name":"(anonymous_1)","line":11,"loc":{"start":{"line":11,"column":1},"end":{"line":11,"column":18}}},"2":{"name":"(anonymous_2)","line":17,"loc":{"start":{"line":17,"column":5},"end":{"line":17,"column":17}}},"3":{"name":"(anonymous_3)","line":198,"loc":{"start":{"line":198,"column":45},"end":{"line":198,"column":90}}},"4":{"name":"(anonymous_4)","line":212,"loc":{"start":{"line":212,"column":3},"end":{"line":212,"column":15}}},"5":{"name":"(anonymous_5)","line":219,"loc":{"start":{"line":219,"column":5},"end":{"line":219,"column":17}}},"6":{"name":"(anonymous_6)","line":222,"loc":{"start":{"line":222,"column":24},"end":{"line":222,"column":36}}},"7":{"name":"(anonymous_7)","line":240,"loc":{"start":{"line":240,"column":71},"end":{"line":240,"column":89}}}},"statementMap":{"1":{"start":{"line":11,"column":0},"end":{"line":265,"column":7}},"2":{"start":{"line":17,"column":4},"end":{"line":19,"column":9}},"3":{"start":{"line":18,"column":8},"end":{"line":18,"column":15}},"4":{"start":{"line":20,"column":4},"end":{"line":27,"column":5}},"5":{"start":{"line":26,"column":8},"end":{"line":26,"column":14}},"6":{"start":{"line":28,"column":4},"end":{"line":211,"column":5}},"7":{"start":{"line":34,"column":8},"end":{"line":34,"column":14}},"8":{"start":{"line":41,"column":8},"end":{"line":41,"column":31}},"9":{"start":{"line":42,"column":8},"end":{"line":42,"column":45}},"10":{"start":{"line":44,"column":8},"end":{"line":44,"column":33}},"11":{"start":{"line":45,"column":8},"end":{"line":45,"column":37}},"12":{"start":{"line":46,"column":8},"end":{"line":46,"column":35}},"13":{"start":{"line":48,"column":8},"end":{"line":53,"column":14}},"14":{"start":{"line":54,"column":8},"end":{"line":59,"column":14}},"15":{"start":{"line":61,"column":8},"end":{"line":196,"column":11}},"16":{"start":{"line":198,"column":8},"end":{"line":209,"column":11}},"17":{"start":{"line":199,"column":12},"end":{"line":208,"column":13}},"18":{"start":{"line":201,"column":16},"end":{"line":201,"column":68}},"19":{"start":{"line":202,"column":16},"end":{"line":202,"column":22}},"20":{"start":{"line":204,"column":16},"end":{"line":204,"column":57}},"21":{"start":{"line":205,"column":16},"end":{"line":205,"column":22}},"22":{"start":{"line":207,"column":16},"end":{"line":207,"column":33}},"23":{"start":{"line":210,"column":8},"end":{"line":210,"column":14}},"24":{"start":{"line":214,"column":4},"end":{"line":214,"column":14}},"25":{"start":{"line":219,"column":4},"end":{"line":263,"column":9}},"26":{"start":{"line":221,"column":8},"end":{"line":221,"column":19}},"27":{"start":{"line":222,"column":8},"end":{"line":233,"column":13}},"28":{"start":{"line":223,"column":12},"end":{"line":232,"column":13}},"29":{"start":{"line":224,"column":16},"end":{"line":227,"column":27}},"30":{"start":{"line":229,"column":16},"end":{"line":231,"column":30}},"31":{"start":{"line":235,"column":8},"end":{"line":248,"column":9}},"32":{"start":{"line":236,"column":12},"end":{"line":245,"column":14}},"33":{"start":{"line":242,"column":24},"end":{"line":242,"column":59}},"34":{"start":{"line":247,"column":12},"end":{"line":247,"column":44}},"35":{"start":{"line":250,"column":8},"end":{"line":252,"column":21}},"36":{"start":{"line":254,"column":8},"end":{"line":256,"column":41}},"37":{"start":{"line":258,"column":8},"end":{"line":258,"column":51}},"38":{"start":{"line":260,"column":8},"end":{"line":260,"column":37}},"39":{"start":{"line":262,"column":8},"end":{"line":262,"column":35}},"40":{"start":{"line":264,"column":4},"end":{"line":264,"column":17}}},"branchMap":{"1":{"line":20,"type":"switch","locations":[{"start":{"line":25,"column":4},"end":{"line":26,"column":14}}]},"2":{"line":28,"type":"switch","locations":[{"start":{"line":33,"column":4},"end":{"line":34,"column":14}},{"start":{"line":39,"column":4},"end":{"line":210,"column":14}}]},"3":{"line":199,"type":"switch","locations":[{"start":{"line":200,"column":12},"end":{"line":202,"column":22}},{"start":{"line":203,"column":12},"end":{"line":205,"column":22}},{"start":{"line":206,"column":12},"end":{"line":207,"column":33}}]},"4":{"line":224,"type":"binary-expr","locations":[{"start":{"line":224,"column":23},"end":{"line":224,"column":37}},{"start":{"line":225,"column":20},"end":{"line":225,"column":61}},{"start":{"line":226,"column":20},"end":{"line":226,"column":70}},{"start":{"line":227,"column":20},"end":{"line":227,"column":26}}]},"5":{"line":229,"type":"binary-expr","locations":[{"start":{"line":229,"column":23},"end":{"line":229,"column":62}},{"start":{"line":230,"column":20},"end":{"line":230,"column":70}},{"start":{"line":231,"column":20},"end":{"line":231,"column":29}}]},"6":{"line":235,"type":"if","locations":[{"start":{"line":235,"column":8},"end":{"line":235,"column":8}},{"start":{"line":235,"column":8},"end":{"line":235,"column":8}}]},"7":{"line":250,"type":"cond-expr","locations":[{"start":{"line":251,"column":14},"end":{"line":251,"column":20}},{"start":{"line":252,"column":14},"end":{"line":252,"column":20}}]},"8":{"line":254,"type":"cond-expr","locations":[{"start":{"line":255,"column":14},"end":{"line":255,"column":25}},{"start":{"line":256,"column":14},"end":{"line":256,"column":40}}]}}},"/home/rof/src/github.com/kaizhu256/node-kz-asia-miles/example.js":{"path":"/home/rof/src/github.com/kaizhu256/node-kz-asia-miles/example.js","s":{"1":1,"2":1,"3":1,"4":1,"5":1,"6":1,"7":1,"8":1,"9":1,"10":1,"11":39,"12":1,"13":1,"14":1,"15":1,"16":1,"17":1,"18":1,"19":1,"20":1,"21":1,"22":1,"23":1,"24":1,"25":1,"26":1,"27":1,"28":1,"29":1,"30":1,"31":0,"32":0,"33":0,"34":0,"35":0,"36":0,"37":0,"38":0,"39":0,"40":0,"41":0,"42":0,"43":1,"44":1,"45":1,"46":1,"47":1,"48":1,"49":1,"50":1,"51":1,"52":1,"53":1,"54":1,"55":5,"56":5,"57":5,"58":1,"59":1,"60":17,"61":23,"62":23,"63":9,"64":9,"65":5,"66":5,"67":9,"68":9,"69":23,"70":23,"71":23,"72":23,"73":23,"74":23,"75":3,"76":3,"77":2,"78":2,"79":3,"80":3,"81":3,"82":3,"83":23,"84":25,"85":6,"86":6,"87":6,"88":1,"89":1,"90":1,"91":1,"92":1,"93":1,"94":1,"95":1,"96":1,"97":0,"98":0,"99":0,"100":1,"101":0,"102":1,"103":0,"104":0,"105":0,"106":0,"107":0,"108":0,"109":0,"110":0,"111":0,"112":0,"113":0,"114":0,"115":0,"116":0,"117":0,"118":0,"119":0,"120":0,"121":0,"122":0,"123":0,"124":0,"125":0,"126":0,"127":0,"128":0,"129":0,"130":0,"131":0,"132":0,"133":0,"134":0,"135":0,"136":0,"137":0,"138":0,"139":0,"140":0,"141":0,"142":0,"143":0,"144":0,"145":0,"146":0,"147":0,"148":0,"149":0,"150":0,"151":0,"152":0,"153":0,"154":0,"155":0,"156":0,"157":1,"158":1,"159":0,"160":0,"161":1,"162":1},"b":{"1":[39,35],"2":[1,1],"3":[1,0],"4":[1,1],"5":[0,0],"6":[9,5,9],"7":[1,2,3,1,2,1,2,3,1,2,3],"8":[23,3],"9":[2,6],"10":[0,1],"11":[1,0],"12":[1,0,1],"13":[0,0],"14":[0,1],"15":[0,0,0,0,0,0,0,0,0,0,0,0,0,0,0,0,0,0,1],"16":[0,0]},"f":{"1":1,"2":1,"3":39,"4":1,"5":1,"6":1,"7":1,"8":0,"9":0,"10":1,"11":1,"12":5,"13":17,"14":23,"15":25,"16":1,"17":1,"18":1,"19":0},"fnMap":{"1":{"name":"(anonymous_1)","line":69,"loc":{"start":{"line":69,"column":1},"end":{"line":69,"column":13}}},"2":{"name":"(anonymous_2)","line":72,"loc":{"start":{"line":72,"column":5},"end":{"line":72,"column":17}}},"3":{"name":"(anonymous_3)","line":83,"loc":{"start":{"line":83,"column":46},"end":{"line":83,"column":61}}},"4":{"name":"(anonymous_4)","line":174,"loc":{"start":{"line":174,"column":20},"end":{"line":174,"column":39}}},"5":{"name":"(anonymous_5)","line":178,"loc":{"start":{"line":178,"column":20},"end":{"line":178,"column":41}}},"6":{"name":"(anonymous_6)","line":197,"loc":{"start":{"line":197,"column":12},"end":{"line":197,"column":57}}},"7":{"name":"(anonymous_7)","line":201,"loc":{"start":{"line":201,"column":44},"end":{"line":201,"column":56}}},"8":{"name":"(anonymous_8)","line":211,"loc":{"start":{"line":211,"column":66},"end":{"line":211,"column":82}}},"9":{"name":"(anonymous_9)","line":217,"loc":{"start":{"line":217,"column":49},"end":{"line":217,"column":71}}},"10":{"name":"(anonymous_10)","line":238,"loc":{"start":{"line":238,"column":12},"end":{"line":238,"column":57}}},"11":{"name":"(anonymous_11)","line":258,"loc":{"start":{"line":258,"column":9},"end":{"line":258,"column":21}}},"12":{"name":"(anonymous_12)","line":270,"loc":{"start":{"line":270,"column":53},"end":{"line":270,"column":75}}},"13":{"name":"(anonymous_13)","line":386,"loc":{"start":{"line":386,"column":47},"end":{"line":386,"column":63}}},"14":{"name":"(anonymous_14)","line":387,"loc":{"start":{"line":387,"column":57},"end":{"line":387,"column":75}}},"15":{"name":"(anonymous_15)","line":436,"loc":{"start":{"line":436,"column":58},"end":{"line":436,"column":78}}},"16":{"name":"(anonymous_16)","line":450,"loc":{"start":{"line":450,"column":45},"end":{"line":450,"column":90}}},"17":{"name":"(anonymous_17)","line":453,"loc":{"start":{"line":453,"column":21},"end":{"line":453,"column":44}}},"18":{"name":"(anonymous_18)","line":454,"loc":{"start":{"line":454,"column":44},"end":{"line":454,"column":56}}},"19":{"name":"(anonymous_19)","line":462,"loc":{"start":{"line":462,"column":35},"end":{"line":462,"column":55}}}},"statementMap":{"1":{"start":{"line":69,"column":0},"end":{"line":589,"column":5}},"2":{"start":{"line":72,"column":4},"end":{"line":588,"column":9}},"3":{"start":{"line":73,"column":8},"end":{"line":73,"column":18}},"4":{"start":{"line":75,"column":8},"end":{"line":75,"column":19}},"5":{"start":{"line":76,"column":8},"end":{"line":76,"column":30}},"6":{"start":{"line":77,"column":8},"end":{"line":77,"column":30}},"7":{"start":{"line":78,"column":8},"end":{"line":78,"column":48}},"8":{"start":{"line":79,"column":8},"end":{"line":79,"column":51}},"9":{"start":{"line":81,"column":8},"end":{"line":81,"column":37}},"10":{"start":{"line":83,"column":8},"end":{"line":85,"column":11}},"11":{"start":{"line":84,"column":12},"end":{"line":84,"column":61}},"12":{"start":{"line":87,"column":8},"end":{"line":87,"column":31}},"13":{"start":{"line":89,"column":8},"end":{"line":157,"column":24}},"14":{"start":{"line":158,"column":8},"end":{"line":162,"column":10}},"15":{"start":{"line":163,"column":8},"end":{"line":163,"column":67}},"16":{"start":{"line":164,"column":8},"end":{"line":169,"column":14}},"17":{"start":{"line":171,"column":8},"end":{"line":171,"column":44}},"18":{"start":{"line":172,"column":8},"end":{"line":187,"column":11}},"19":{"start":{"line":175,"column":16},"end":{"line":185,"column":18}},"20":{"start":{"line":180,"column":28},"end":{"line":180,"column":65}},"21":{"start":{"line":181,"column":28},"end":{"line":181,"column":47}},"22":{"start":{"line":182,"column":28},"end":{"line":182,"column":38}},"23":{"start":{"line":183,"column":28},"end":{"line":183,"column":53}},"24":{"start":{"line":189,"column":8},"end":{"line":254,"column":11}},"25":{"start":{"line":198,"column":16},"end":{"line":198,"column":39}},"26":{"start":{"line":200,"column":16},"end":{"line":200,"column":45}},"27":{"start":{"line":201,"column":16},"end":{"line":233,"column":35}},"28":{"start":{"line":202,"column":20},"end":{"line":206,"column":21}},"29":{"start":{"line":204,"column":24},"end":{"line":204,"column":41}},"30":{"start":{"line":205,"column":24},"end":{"line":205,"column":31}},"31":{"start":{"line":207,"column":20},"end":{"line":208,"column":90}},"32":{"start":{"line":209,"column":20},"end":{"line":209,"column":48}},"33":{"start":{"line":210,"column":20},"end":{"line":210,"column":55}},"34":{"start":{"line":211,"column":20},"end":{"line":215,"column":23}},"35":{"start":{"line":212,"column":24},"end":{"line":214,"column":90}},"36":{"start":{"line":217,"column":20},"end":{"line":223,"column":23}},"37":{"start":{"line":219,"column":24},"end":{"line":219,"column":51}},"38":{"start":{"line":220,"column":24},"end":{"line":222,"column":48}},"39":{"start":{"line":224,"column":20},"end":{"line":226,"column":44}},"40":{"start":{"line":228,"column":20},"end":{"line":228,"column":93}},"41":{"start":{"line":229,"column":20},"end":{"line":231,"column":59}},"42":{"start":{"line":232,"column":20},"end":{"line":232,"column":37}},"43":{"start":{"line":240,"column":16},"end":{"line":240,"column":44}},"44":{"start":{"line":243,"column":16},"end":{"line":246,"column":18}},"45":{"start":{"line":247,"column":16},"end":{"line":247,"column":71}},"46":{"start":{"line":249,"column":16},"end":{"line":249,"column":86}},"47":{"start":{"line":250,"column":16},"end":{"line":250,"column":33}},"48":{"start":{"line":256,"column":8},"end":{"line":256,"column":59}},"49":{"start":{"line":258,"column":8},"end":{"line":448,"column":13}},"50":{"start":{"line":259,"column":12},"end":{"line":259,"column":44}},"51":{"start":{"line":260,"column":12},"end":{"line":261,"column":63}},"52":{"start":{"line":262,"column":12},"end":{"line":266,"column":14}},"53":{"start":{"line":268,"column":12},"end":{"line":268,"column":51}},"54":{"start":{"line":270,"column":12},"end":{"line":275,"column":15}},"55":{"start":{"line":271,"column":16},"end":{"line":271,"column":57}},"56":{"start":{"line":273,"column":16},"end":{"line":273,"column":58}},"57":{"start":{"line":274,"column":16},"end":{"line":274,"column":86}},"58":{"start":{"line":276,"column":12},"end":{"line":384,"column":18}},"59":{"start":{"line":386,"column":12},"end":{"line":446,"column":15}},"60":{"start":{"line":387,"column":16},"end":{"line":445,"column":19}},"61":{"start":{"line":388,"column":20},"end":{"line":388,"column":61}},"62":{"start":{"line":390,"column":20},"end":{"line":400,"column":21}},"63":{"start":{"line":392,"column":24},"end":{"line":392,"column":55}},"64":{"start":{"line":393,"column":24},"end":{"line":393,"column":30}},"65":{"start":{"line":395,"column":24},"end":{"line":395,"column":57}},"66":{"start":{"line":396,"column":24},"end":{"line":396,"column":30}},"67":{"start":{"line":398,"column":24},"end":{"line":398,"column":56}},"68":{"start":{"line":399,"column":24},"end":{"line":399,"column":30}},"69":{"start":{"line":401,"column":20},"end":{"line":401,"column":81}},"70":{"start":{"line":402,"column":20},"end":{"line":402,"column":47}},"71":{"start":{"line":403,"column":20},"end":{"line":403,"column":48}},"72":{"start":{"line":404,"column":20},"end":{"line":404,"column":47}},"73":{"start":{"line":406,"column":20},"end":{"line":412,"column":28}},"74":{"start":{"line":414,"column":20},"end":{"line":434,"column":21}},"75":{"start":{"line":418,"column":24},"end":{"line":418,"column":65}},"76":{"start":{"line":419,"column":24},"end":{"line":419,"column":30}},"77":{"start":{"line":422,"column":24},"end":{"line":422,"column":66}},"78":{"start":{"line":423,"column":24},"end":{"line":423,"column":30}},"79":{"start":{"line":427,"column":24},"end":{"line":427,"column":69}},"80":{"start":{"line":428,"column":24},"end":{"line":428,"column":30}},"81":{"start":{"line":432,"column":24},"end":{"line":432,"column":66}},"82":{"start":{"line":433,"column":24},"end":{"line":433,"column":30}},"83":{"start":{"line":436,"column":20},"end":{"line":444,"column":23}},"84":{"start":{"line":437,"column":24},"end":{"line":443,"column":25}},"85":{"start":{"line":440,"column":28},"end":{"line":440,"column":51}},"86":{"start":{"line":441,"column":28},"end":{"line":441,"column":53}},"87":{"start":{"line":442,"column":28},"end":{"line":442,"column":34}},"88":{"start":{"line":447,"column":12},"end":{"line":447,"column":42}},"89":{"start":{"line":450,"column":8},"end":{"line":585,"column":11}},"90":{"start":{"line":451,"column":12},"end":{"line":451,"column":42}},"91":{"start":{"line":452,"column":12},"end":{"line":452,"column":25}},"92":{"start":{"line":453,"column":12},"end":{"line":583,"column":14}},"93":{"start":{"line":454,"column":16},"end":{"line":582,"column":35}},"94":{"start":{"line":455,"column":20},"end":{"line":457,"column":39}},"95":{"start":{"line":458,"column":20},"end":{"line":581,"column":21}},"96":{"start":{"line":461,"column":24},"end":{"line":469,"column":27}},"97":{"start":{"line":463,"column":28},"end":{"line":468,"column":29}},"98":{"start":{"line":466,"column":32},"end":{"line":466,"column":96}},"99":{"start":{"line":467,"column":32},"end":{"line":467,"column":38}},"100":{"start":{"line":471,"column":24},"end":{"line":479,"column":25}},"101":{"start":{"line":472,"column":28},"end":{"line":478,"column":30}},"102":{"start":{"line":480,"column":24},"end":{"line":574,"column":25}},"103":{"start":{"line":485,"column":28},"end":{"line":485,"column":65}},"104":{"start":{"line":486,"column":28},"end":{"line":486,"column":34}},"105":{"start":{"line":488,"column":28},"end":{"line":488,"column":71}},"106":{"start":{"line":489,"column":28},"end":{"line":489,"column":55}},"107":{"start":{"line":490,"column":28},"end":{"line":490,"column":53}},"108":{"start":{"line":491,"column":28},"end":{"line":491,"column":53}},"109":{"start":{"line":492,"column":28},"end":{"line":493,"column":75}},"110":{"start":{"line":494,"column":28},"end":{"line":494,"column":50}},"111":{"start":{"line":495,"column":28},"end":{"line":495,"column":71}},"112":{"start":{"line":496,"column":28},"end":{"line":496,"column":65}},"113":{"start":{"line":497,"column":28},"end":{"line":497,"column":34}},"114":{"start":{"line":499,"column":28},"end":{"line":499,"column":71}},"115":{"start":{"line":500,"column":28},"end":{"line":500,"column":55}},"116":{"start":{"line":501,"column":28},"end":{"line":501,"column":53}},"117":{"start":{"line":502,"column":28},"end":{"line":502,"column":53}},"118":{"start":{"line":503,"column":28},"end":{"line":504,"column":73}},"119":{"start":{"line":505,"column":28},"end":{"line":505,"column":50}},"120":{"start":{"line":506,"column":28},"end":{"line":506,"column":71}},"121":{"start":{"line":507,"column":28},"end":{"line":507,"column":77}},"122":{"start":{"line":508,"column":28},"end":{"line":508,"column":65}},"123":{"start":{"line":509,"column":28},"end":{"line":509,"column":34}},"124":{"start":{"line":511,"column":28},"end":{"line":511,"column":55}},"125":{"start":{"line":512,"column":28},"end":{"line":516,"column":30}},"126":{"start":{"line":517,"column":28},"end":{"line":517,"column":66}},"127":{"start":{"line":518,"column":28},"end":{"line":518,"column":65}},"128":{"start":{"line":519,"column":28},"end":{"line":519,"column":34}},"129":{"start":{"line":521,"column":28},"end":{"line":527,"column":30}},"130":{"start":{"line":528,"column":28},"end":{"line":528,"column":55}},"131":{"start":{"line":529,"column":28},"end":{"line":529,"column":66}},"132":{"start":{"line":530,"column":28},"end":{"line":530,"column":65}},"133":{"start":{"line":531,"column":28},"end":{"line":531,"column":34}},"134":{"start":{"line":533,"column":28},"end":{"line":533,"column":55}},"135":{"start":{"line":534,"column":28},"end":{"line":534,"column":67}},"136":{"start":{"line":535,"column":28},"end":{"line":535,"column":65}},"137":{"start":{"line":536,"column":28},"end":{"line":536,"column":34}},"138":{"start":{"line":541,"column":28},"end":{"line":541,"column":65}},"139":{"start":{"line":542,"column":28},"end":{"line":542,"column":34}},"140":{"start":{"line":544,"column":28},"end":{"line":548,"column":32}},"141":{"start":{"line":549,"column":28},"end":{"line":549,"column":70}},"142":{"start":{"line":550,"column":28},"end":{"line":550,"column":65}},"143":{"start":{"line":551,"column":28},"end":{"line":551,"column":34}},"144":{"start":{"line":557,"column":28},"end":{"line":557,"column":92}},"145":{"start":{"line":558,"column":28},"end":{"line":558,"column":65}},"146":{"start":{"line":559,"column":28},"end":{"line":559,"column":34}},"147":{"start":{"line":561,"column":28},"end":{"line":561,"column":79}},"148":{"start":{"line":562,"column":28},"end":{"line":562,"column":92}},"149":{"start":{"line":563,"column":28},"end":{"line":563,"column":65}},"150":{"start":{"line":564,"column":28},"end":{"line":564,"column":34}},"151":{"start":{"line":566,"column":28},"end":{"line":566,"column":79}},"152":{"start":{"line":567,"column":28},"end":{"line":567,"column":55}},"153":{"start":{"line":568,"column":28},"end":{"line":568,"column":67}},"154":{"start":{"line":569,"column":28},"end":{"line":569,"column":92}},"155":{"start":{"line":570,"column":28},"end":{"line":570,"column":65}},"156":{"start":{"line":571,"column":28},"end":{"line":571,"column":34}},"157":{"start":{"line":573,"column":28},"end":{"line":573,"column":45}},"158":{"start":{"line":575,"column":24},"end":{"line":575,"column":30}},"159":{"start":{"line":578,"column":24},"end":{"line":578,"column":61}},"160":{"start":{"line":580,"column":24},"end":{"line":580,"column":59}},"161":{"start":{"line":584,"column":12},"end":{"line":584,"column":21}},"162":{"start":{"line":587,"column":8},"end":{"line":587,"column":44}}},"branchMap":{"1":{"line":84,"type":"binary-expr","locations":[{"start":{"line":84,"column":25},"end":{"line":84,"column":35}},{"start":{"line":84,"column":39},"end":{"line":84,"column":60}}]},"2":{"line":176,"type":"binary-expr","locations":[{"start":{"line":176,"column":20},"end":{"line":176,"column":65}},{"start":{"line":177,"column":24},"end":{"line":177,"column":56}}]},"3":{"line":202,"type":"if","locations":[{"start":{"line":202,"column":20},"end":{"line":202,"column":20}},{"start":{"line":202,"column":20},"end":{"line":202,"column":20}}]},"4":{"line":202,"type":"binary-expr","locations":[{"start":{"line":202,"column":25},"end":{"line":202,"column":56}},{"start":{"line":202,"column":60},"end":{"line":202,"column":62}}]},"5":{"line":230,"type":"binary-expr","locations":[{"start":{"line":230,"column":24},"end":{"line":230,"column":55}},{"start":{"line":231,"column":24},"end":{"line":231,"column":58}}]},"6":{"line":390,"type":"switch","locations":[{"start":{"line":391,"column":20},"end":{"line":393,"column":30}},{"start":{"line":394,"column":20},"end":{"line":396,"column":30}},{"start":{"line":397,"column":20},"end":{"line":399,"column":30}}]},"7":{"line":414,"type":"switch","locations":[{"start":{"line":415,"column":20},"end":{"line":415,"column":34}},{"start":{"line":416,"column":20},"end":{"line":416,"column":38}},{"start":{"line":417,"column":20},"end":{"line":419,"column":30}},{"start":{"line":420,"column":20},"end":{"line":420,"column":53}},{"start":{"line":421,"column":20},"end":{"line":423,"column":30}},{"start":{"line":424,"column":20},"end":{"line":424,"column":39}},{"start":{"line":425,"column":20},"end":{"line":425,"column":37}},{"start":{"line":426,"column":20},"end":{"line":428,"column":30}},{"start":{"line":429,"column":20},"end":{"line":429,"column":40}},{"start":{"line":430,"column":20},"end":{"line":430,"column":38}},{"start":{"line":431,"column":20},"end":{"line":433,"column":30}}]},"8":{"line":436,"type":"binary-expr","locations":[{"start":{"line":436,"column":21},"end":{"line":436,"column":42}},{"start":{"line":436,"column":46},"end":{"line":436,"column":48}}]},"9":{"line":437,"type":"switch","locations":[{"start":{"line":438,"column":24},"end":{"line":438,"column":39}},{"start":{"line":439,"column":24},"end":{"line":442,"column":34}}]},"10":{"line":455,"type":"cond-expr","locations":[{"start":{"line":456,"column":26},"end":{"line":456,"column":34}},{"start":{"line":457,"column":26},"end":{"line":457,"column":38}}]},"11":{"line":458,"type":"switch","locations":[{"start":{"line":459,"column":20},"end":{"line":575,"column":30}},{"start":{"line":576,"column":20},"end":{"line":580,"column":59}}]},"12":{"line":461,"type":"binary-expr","locations":[{"start":{"line":461,"column":26},"end":{"line":461,"column":48}},{"start":{"line":461,"column":52},"end":{"line":461,"column":85}},{"start":{"line":461,"column":90},"end":{"line":462,"column":25}}]},"13":{"line":463,"type":"switch","locations":[{"start":{"line":464,"column":28},"end":{"line":464,"column":43}},{"start":{"line":465,"column":28},"end":{"line":467,"column":38}}]},"14":{"line":471,"type":"if","locations":[{"start":{"line":471,"column":24},"end":{"line":471,"column":24}},{"start":{"line":471,"column":24},"end":{"line":471,"column":24}}]},"15":{"line":480,"type":"switch","locations":[{"start":{"line":482,"column":24},"end":{"line":482,"column":44}},{"start":{"line":483,"column":24},"end":{"line":483,"column":41}},{"start":{"line":484,"column":24},"end":{"line":486,"column":34}},{"start":{"line":487,"column":24},"end":{"line":497,"column":34}},{"start":{"line":498,"column":24},"end":{"line":509,"column":34}},{"start":{"line":510,"column":24},"end":{"line":519,"column":34}},{"start":{"line":520,"column":24},"end":{"line":531,"column":34}},{"start":{"line":532,"column":24},"end":{"line":536,"column":34}},{"start":{"line":538,"column":24},"end":{"line":538,"column":52}},{"start":{"line":539,"column":24},"end":{"line":539,"column":49}},{"start":{"line":540,"column":24},"end":{"line":542,"column":34}},{"start":{"line":543,"column":24},"end":{"line":551,"column":34}},{"start":{"line":553,"column":24},"end":{"line":553,"column":45}},{"start":{"line":554,"column":24},"end":{"line":554,"column":42}},{"start":{"line":555,"column":24},"end":{"line":555,"column":58}},{"start":{"line":556,"column":24},"end":{"line":559,"column":34}},{"start":{"line":560,"column":24},"end":{"line":564,"column":34}},{"start":{"line":565,"column":24},"end":{"line":571,"column":34}},{"start":{"line":572,"column":24},"end":{"line":573,"column":45}}]},"16":{"line":525,"type":"binary-expr","locations":[{"start":{"line":525,"column":36},"end":{"line":525,"column":58}},{"start":{"line":525,"column":62},"end":{"line":525,"column":93}}]}}}}